00000000 |                             org     0x0000              
00000000 |                 
00000000 |                 ; Tutorial Example
00000000 | 14200033                    mov     r1,#0x33            
00000004 | 14200052                    mov     r1,#0x52            
00000008 | 01A20000                    add     r13,r2,r1           
0000000c | 09A20000                    and     r13,r2,r1           
00000010 | 0DA20000                    or      r13,r2,r1           
00000014 | 01A20000                    add     r13,r2,#-12         
00000018 |                 
00000018 |                 ; Example 1- Check basic addition
00000018 | 14200064                    mov     R1,#100             
0000001c | 144000C8                    mov     R2,#200             
00000020 | 00610000                    add     R3,R1,R2            
00000024 |                  incLoop1                               
00000024 | C07FFFFC                    bra     incLoop1            
00000028 |                 
00000028 |                 ; Example 2 - Counting loop
00000028 |                 ;  Just a dummy loop to execute
00000028 |                 ;  R1 should be counting
00000028 |                 
00000028 | 14200000                    mov     R1,#0               
0000002c | 14400001                    mov     R2,#1               
00000030 |                  incLoop2                               
00000030 | 00210000                    add     R1,R1,R2            
00000034 | C07FFFF8                    bra     incLoop2            
00000038 |                 
00000038 |                 ; Example 2 - Check BEQ
00000038 | 14200033                    mov     R1,#0x33            ;  <==> add r1,r0,#0x33
0000003c | 14400033                    mov     R2,#0x33            
00000040 | 04210000                    sub     R1,R1,R2            
00000044 | C2000010                    beq     ok1                 
00000048 |                 
00000048 |                 ; End up here on error
00000048 | C07FFFFC         fail1      bra     *                   
0000004c | 14000000                    mov     R0,R0               
00000050 | 14000000                    mov     R0,R0               
00000054 | 14000000                    mov     R0,R0               
00000058 |                 
00000058 |                 ; End up here on success
00000058 |                 ; Can chain tests
00000058 | C07FFFFC         ok1        bra     *                   
0000005c | 14000000                    mov     R0,R0               
00000060 | 14000000                    mov     R0,R0               
00000064 | 14000000                    mov     R0,R0               
00000068 |                 


0 Errors detected in pass 1
0 Warnings detected in pass 1
0 Errors detected in pass 2
0 Warnings detected in pass 2


  Symbol Table
*******************************************************
  Value  : Type  : Symbol 
00000048 :  Text : fail1
00000024 :  Text : incLoop1
00000030 :  Text : incLoop2
00000058 :  Text : ok1
*******************************************************
